[debug] [2022-09-04T01:46:33.522Z] ----------------------------------------------------------------------
[debug] [2022-09-04T01:46:33.523Z] Command:       /Users/linus/.nvm/versions/node/v16.15.1/bin/node /Users/linus/.nvm/versions/node/v16.15.1/bin/firebase init
[debug] [2022-09-04T01:46:33.523Z] CLI Version:   11.8.0
[debug] [2022-09-04T01:46:33.523Z] Platform:      darwin
[debug] [2022-09-04T01:46:33.523Z] Node Version:  v16.15.1
[debug] [2022-09-04T01:46:33.524Z] Time:          Sun Sep 04 2022 11:46:33 GMT+1000 (Australian Eastern Standard Time)
[debug] [2022-09-04T01:46:33.524Z] ----------------------------------------------------------------------
[debug] 
[debug] [2022-09-04T01:46:33.526Z] > command requires scopes: ["email","openid","https://www.googleapis.com/auth/cloudplatformprojects.readonly","https://www.googleapis.com/auth/firebase","https://www.googleapis.com/auth/cloud-platform"]
[debug] [2022-09-04T01:46:33.526Z] > authorizing via signed-in user (linustalacko1@gmail.com)
[info] 
     ######## #### ########  ######## ########     ###     ######  ########
     ##        ##  ##     ## ##       ##     ##  ##   ##  ##       ##
     ######    ##  ########  ######   ########  #########  ######  ######
     ##        ##  ##    ##  ##       ##     ## ##     ##       ## ##
     ##       #### ##     ## ######## ########  ##     ##  ######  ########

You're about to initialize a Firebase project in this directory:

  /Users/linus/blog_app

[info] 
=== Project Setup
[info] 
[info] First, let's associate this project directory with a Firebase project.
[info] You can create multiple project aliases by running firebase use --add, 
[info] but for now we'll just set up a default project.
[info] 
[debug] [2022-09-04T01:46:48.342Z] >>> [apiv2][query] GET https://firebase.googleapis.com/v1beta1/projects pageSize=100
[debug] [2022-09-04T01:46:49.445Z] <<< [apiv2][status] GET https://firebase.googleapis.com/v1beta1/projects 200
[debug] [2022-09-04T01:46:49.446Z] <<< [apiv2][body] GET https://firebase.googleapis.com/v1beta1/projects [omitted]
[info] i  Using project zing-e8cd2 (zing) 
[info] 
=== Functions Setup
[info] 
[info] A functions directory will be created in your project with sample code
[info] pre-configured. Functions can be deployed with firebase deploy.
[info] 
[debug] [2022-09-04T01:46:51.643Z] > command requires scopes: ["email","openid","https://www.googleapis.com/auth/cloudplatformprojects.readonly","https://www.googleapis.com/auth/firebase","https://www.googleapis.com/auth/cloud-platform"]
[debug] [2022-09-04T01:46:51.643Z] > authorizing via signed-in user (linustalacko1@gmail.com)
[debug] [2022-09-04T01:46:51.643Z] [iam] checking project zing-e8cd2 for permissions ["firebase.projects.get"]
[debug] [2022-09-04T01:46:51.644Z] >>> [apiv2][query] POST https://cloudresourcemanager.googleapis.com/v1/projects/zing-e8cd2:testIamPermissions [none]
[debug] [2022-09-04T01:46:51.644Z] >>> [apiv2][(partial)header] POST https://cloudresourcemanager.googleapis.com/v1/projects/zing-e8cd2:testIamPermissions x-goog-quota-user=projects/zing-e8cd2
[debug] [2022-09-04T01:46:51.645Z] >>> [apiv2][body] POST https://cloudresourcemanager.googleapis.com/v1/projects/zing-e8cd2:testIamPermissions {"permissions":["firebase.projects.get"]}
[debug] [2022-09-04T01:46:53.015Z] <<< [apiv2][status] POST https://cloudresourcemanager.googleapis.com/v1/projects/zing-e8cd2:testIamPermissions 200
[debug] [2022-09-04T01:46:53.016Z] <<< [apiv2][body] POST https://cloudresourcemanager.googleapis.com/v1/projects/zing-e8cd2:testIamPermissions {"permissions":["firebase.projects.get"]}
[debug] [2022-09-04T01:46:53.017Z] >>> [apiv2][query] GET https://serviceusage.googleapis.com/v1/projects/zing-e8cd2/services/cloudfunctions.googleapis.com [none]
[debug] [2022-09-04T01:46:53.018Z] >>> [apiv2][query] GET https://serviceusage.googleapis.com/v1/projects/zing-e8cd2/services/runtimeconfig.googleapis.com [none]
[debug] [2022-09-04T01:46:54.552Z] <<< [apiv2][status] GET https://serviceusage.googleapis.com/v1/projects/zing-e8cd2/services/runtimeconfig.googleapis.com 200
[debug] [2022-09-04T01:46:54.553Z] <<< [apiv2][body] GET https://serviceusage.googleapis.com/v1/projects/zing-e8cd2/services/runtimeconfig.googleapis.com [omitted]
[debug] [2022-09-04T01:46:54.554Z] <<< [apiv2][status] GET https://serviceusage.googleapis.com/v1/projects/zing-e8cd2/services/cloudfunctions.googleapis.com 200
[debug] [2022-09-04T01:46:54.555Z] <<< [apiv2][body] GET https://serviceusage.googleapis.com/v1/projects/zing-e8cd2/services/cloudfunctions.googleapis.com [omitted]
[debug] [2022-09-04T01:46:54.555Z] >>> [apiv2][query] POST https://serviceusage.googleapis.com/v1/projects/zing-e8cd2/services/cloudfunctions.googleapis.com:enable [none]
[debug] [2022-09-04T01:46:55.470Z] <<< [apiv2][status] POST https://serviceusage.googleapis.com/v1/projects/zing-e8cd2/services/cloudfunctions.googleapis.com:enable 200
[debug] [2022-09-04T01:46:55.470Z] <<< [apiv2][body] POST https://serviceusage.googleapis.com/v1/projects/zing-e8cd2/services/cloudfunctions.googleapis.com:enable [omitted]
[debug] [2022-09-04T01:47:05.473Z] >>> [apiv2][query] GET https://serviceusage.googleapis.com/v1/projects/zing-e8cd2/services/cloudfunctions.googleapis.com [none]
[debug] [2022-09-04T01:47:06.931Z] <<< [apiv2][status] GET https://serviceusage.googleapis.com/v1/projects/zing-e8cd2/services/cloudfunctions.googleapis.com 200
[debug] [2022-09-04T01:47:06.931Z] <<< [apiv2][body] GET https://serviceusage.googleapis.com/v1/projects/zing-e8cd2/services/cloudfunctions.googleapis.com [omitted]
[info] ✔  Wrote functions/package.json 
[info] ✔  Wrote functions/.eslintrc.js 
[info] ✔  Wrote functions/index.js 
[info] ✔  Wrote functions/.gitignore 
[info] 
=== Hosting Setup
[info] 
[info] Your public directory is the folder (relative to your project directory) that
[info] will contain Hosting assets to be uploaded with firebase deploy. If you
[info] have a build process for your assets, use your build's output directory.
[info] 
[info] ✔  Wrote public/404.html 
[debug] [2022-09-04T01:48:01.281Z] >>> [apiv2][query] GET https://www.gstatic.com/firebasejs/releases.json [none]
[debug] [2022-09-04T01:48:01.530Z] <<< [apiv2][status] GET https://www.gstatic.com/firebasejs/releases.json 200
[debug] [2022-09-04T01:48:01.530Z] <<< [apiv2][body] GET https://www.gstatic.com/firebasejs/releases.json {"current":{"version":"9.9.4","browserURL":"https://www.gstatic.com/firebasejs/9.9.4/firebase.js","packageURL":"https://www.gstatic.com/firebasejs/9.9.4/firebase.tgz"},"live":{"version":"9.9","browserURL":"https://www.gstatic.com/firebasejs/live/9.9/firebase.js","packageURL":"https://www.gstatic.com/firebasejs/live/9.9/firebase.tgz"},"components":{"analytics":"https://www.gstatic.com/firebasejs/9.9.4/firebase-analytics.js","app":"https://www.gstatic.com/firebasejs/9.9.4/firebase-app.js","app-check":"https://www.gstatic.com/firebasejs/9.9.4/firebase-app-check.js","auth":"https://www.gstatic.com/firebasejs/9.9.4/firebase-auth.js","auth/cordova":"https://www.gstatic.com/firebasejs/9.9.4/firebase-auth/cordova.js","auth/react-native":"https://www.gstatic.com/firebasejs/9.9.4/firebase-auth/react-native.js","functions":"https://www.gstatic.com/firebasejs/9.9.4/firebase-functions.js","firestore":"https://www.gstatic.com/firebasejs/9.9.4/firebase-firestore.js","firestore/lite":"https://www.gstatic.com/firebasejs/9.9.4/firebase-firestore/lite.js","installations":"https://www.gstatic.com/firebasejs/9.9.4/firebase-installations.js","storage":"https://www.gstatic.com/firebasejs/9.9.4/firebase-storage.js","performance":"https://www.gstatic.com/firebasejs/9.9.4/firebase-performance.js","remote-config":"https://www.gstatic.com/firebasejs/9.9.4/firebase-remote-config.js","messaging":"https://www.gstatic.com/firebasejs/9.9.4/firebase-messaging.js","messaging/sw":"https://www.gstatic.com/firebasejs/9.9.4/firebase-messaging/sw.js","database":"https://www.gstatic.com/firebasejs/9.9.4/firebase-database.js","firestore.memory":"https://www.gstatic.com/firebasejs/9.9.4/firebase-firestore.memory.js"}}
[info] ✔  Wrote public/index.html 
[info] 
[info] i  Detected a .git folder at /Users/linus 
[info] i  Authorizing with GitHub to upload your service account to a GitHub repository's secrets store. 
[info] 
[info] Visit this URL on this device to log in:
[info] https://github.com/login/oauth/authorize?client_id=89cf50f02ac6aaed3484&state=881545561&redirect_uri=http%3A%2F%2Flocalhost%3A9005&scope=read%3Auser%20repo%20public_repo
[info] 
[info] Waiting for authentication...
[debug] [2022-09-04T01:48:02.666Z] >>> [apiv2][query] POST https://github.com/login/oauth/access_token [none]
[debug] [2022-09-04T01:48:02.667Z] >>> [apiv2][body] POST https://github.com/login/oauth/access_token [stream]
[debug] [2022-09-04T01:48:03.149Z] <<< [apiv2][status] POST https://github.com/login/oauth/access_token 200
[debug] [2022-09-04T01:48:03.149Z] <<< [apiv2][body] POST https://github.com/login/oauth/access_token {"access_token":"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","token_type":"bearer","scope":"read:user,repo"}
[debug] [2022-09-04T01:48:03.160Z] >>> [apiv2][query] GET https://api.github.com/user [none]
[debug] [2022-09-04T01:48:03.619Z] <<< [apiv2][status] GET https://api.github.com/user 200
[debug] [2022-09-04T01:48:03.619Z] <<< [apiv2][body] GET https://api.github.com/user {"login":"linustalacko","id":83816641,"node_id":"MDQ6VXNlcjgzODE2NjQx","avatar_url":"https://avatars.githubusercontent.com/u/83816641?v=4","gravatar_id":"","url":"https://api.github.com/users/linustalacko","html_url":"https://github.com/linustalacko","followers_url":"https://api.github.com/users/linustalacko/followers","following_url":"https://api.github.com/users/linustalacko/following{/other_user}","gists_url":"https://api.github.com/users/linustalacko/gists{/gist_id}","starred_url":"https://api.github.com/users/linustalacko/starred{/owner}{/repo}","subscriptions_url":"https://api.github.com/users/linustalacko/subscriptions","organizations_url":"https://api.github.com/users/linustalacko/orgs","repos_url":"https://api.github.com/users/linustalacko/repos","events_url":"https://api.github.com/users/linustalacko/events{/privacy}","received_events_url":"https://api.github.com/users/linustalacko/received_events","type":"User","site_admin":false,"name":null,"company":null,"blog":"","location":null,"email":null,"hireable":null,"bio":null,"twitter_username":null,"public_repos":20,"public_gists":0,"followers":0,"following":0,"created_at":"2021-05-07T10:33:24Z","updated_at":"2022-08-16T07:31:43Z","private_gists":0,"total_private_repos":4,"owned_private_repos":4,"disk_usage":55344,"collaborators":0,"two_factor_authentication":false,"plan":{"name":"free","space":976562499,"collaborators":0,"private_repos":10000}}
[info] 
[info] ✔  Success! Logged into GitHub as linustalacko 
[info] 
[debug] [2022-09-04T01:48:15.433Z] >>> [apiv2][query] GET https://api.github.com/repos/n/actions/secrets/public-key type=owner
[debug] [2022-09-04T01:48:15.805Z] <<< [apiv2][status] GET https://api.github.com/repos/n/actions/secrets/public-key 404
[debug] [2022-09-04T01:48:15.806Z] <<< [apiv2][body] GET https://api.github.com/repos/n/actions/secrets/public-key {"message":"Not Found","documentation_url":"https://docs.github.com/rest"}
[debug] [2022-09-04T01:48:15.990Z] >>> [apiv2][query] GET https://api.github.com/repos/n/actions/secrets/public-key type=owner
[debug] [2022-09-04T01:48:16.418Z] <<< [apiv2][status] GET https://api.github.com/repos/n/actions/secrets/public-key 404
[debug] [2022-09-04T01:48:16.418Z] <<< [apiv2][body] GET https://api.github.com/repos/n/actions/secrets/public-key {"message":"Not Found","documentation_url":"https://docs.github.com/rest"}
[debug] [2022-09-04T01:48:16.768Z] >>> [apiv2][query] GET https://api.github.com/repos/n/actions/secrets/public-key type=owner
[debug] [2022-09-04T01:48:17.112Z] <<< [apiv2][status] GET https://api.github.com/repos/n/actions/secrets/public-key 404
[debug] [2022-09-04T01:48:17.112Z] <<< [apiv2][body] GET https://api.github.com/repos/n/actions/secrets/public-key {"message":"Not Found","documentation_url":"https://docs.github.com/rest"}
[debug] [2022-09-04T01:48:17.336Z] >>> [apiv2][query] GET https://api.github.com/repos/n/actions/secrets/public-key type=owner
[debug] [2022-09-04T01:48:17.685Z] <<< [apiv2][status] GET https://api.github.com/repos/n/actions/secrets/public-key 404
[debug] [2022-09-04T01:48:17.685Z] <<< [apiv2][body] GET https://api.github.com/repos/n/actions/secrets/public-key {"message":"Not Found","documentation_url":"https://docs.github.com/rest"}
[debug] [2022-09-04T01:48:19.223Z] >>> [apiv2][query] GET https://api.github.com/repos/nmpme/actions/secrets/public-key type=owner
[debug] [2022-09-04T01:48:19.595Z] <<< [apiv2][status] GET https://api.github.com/repos/nmpme/actions/secrets/public-key 404
[debug] [2022-09-04T01:48:19.596Z] <<< [apiv2][body] GET https://api.github.com/repos/nmpme/actions/secrets/public-key {"message":"Not Found","documentation_url":"https://docs.github.com/rest"}
